# JRE version: OpenJDK Runtime Environment (8.0_242-b01) (build 1.8.0_242-release-1644-b01)
# Java VM: OpenJDK 64-Bit Server VM (25.242-b01 mixed mode windows-amd64 compressed oops)
Heap:
 PSYoungGen      total 134144K, used 124165K [0x00000000d5580000, 0x00000000de980000, 0x0000000100000000)
  eden space 125440K, 92% used [0x00000000d5580000,0x00000000dc642490,0x00000000dd000000)
  from space 8704K, 99% used [0x00000000de100000,0x00000000de97f0e8,0x00000000de980000)
  to   space 11264K, 0% used [0x00000000dd380000,0x00000000dd380000,0x00000000dde80000)
 ParOldGen       total 67584K, used 18797K [0x0000000080000000, 0x0000000084200000, 0x00000000d5580000)
  object space 67584K, 27% used [0x0000000080000000,0x000000008125b6a8,0x0000000084200000)
 Metaspace       used 50850K, capacity 52792K, committed 53032K, reserved 1095680K
  class space    used 6802K, capacity 7208K, committed 7216K, reserved 1048576K
GC Heap History (10 events):
Event: 4.667 GC heap before
{Heap before GC invocations=8 (full 1):
 PSYoungGen      total 76800K, used 3780K [0x00000000d5580000, 0x00000000deb80000, 0x0000000100000000)
  eden space 66048K, 0% used [0x00000000d5580000,0x00000000d5580000,0x00000000d9600000)
  from space 10752K, 35% used [0x00000000d9600000,0x00000000d99b1050,0x00000000da080000)
  to   space 10752K, 0% used [0x00000000de100000,0x00000000de100000,0x00000000deb80000)
 ParOldGen       total 87552K, used 8875K [0x0000000080000000, 0x0000000085580000, 0x00000000d5580000)
  object space 87552K, 10% used [0x0000000080000000,0x00000000808aaf30,0x0000000085580000)
 Metaspace       used 20597K, capacity 21236K, committed 21296K, reserved 1067008K
  class space    used 2877K, capacity 3080K, committed 3120K, reserved 1048576K
Event: 4.721 GC heap after
Heap after GC invocations=8 (full 1):
 PSYoungGen      total 76800K, used 0K [0x00000000d5580000, 0x00000000deb80000, 0x0000000100000000)
  eden space 66048K, 0% used [0x00000000d5580000,0x00000000d5580000,0x00000000d9600000)
  from space 10752K, 0% used [0x00000000d9600000,0x00000000d9600000,0x00000000da080000)
  to   space 10752K, 0% used [0x00000000de100000,0x00000000de100000,0x00000000deb80000)
 ParOldGen       total 47104K, used 6700K [0x0000000080000000, 0x0000000082e00000, 0x00000000d5580000)
  object space 47104K, 14% used [0x0000000080000000,0x000000008068b360,0x0000000082e00000)
 Metaspace       used 20597K, capacity 21236K, committed 21296K, reserved 1067008K
  class space    used 2877K, capacity 3080K, committed 3120K, reserved 1048576K
}
Event: 6.040 GC heap before
{Heap before GC invocations=9 (full 1):
 PSYoungGen      total 76800K, used 66048K [0x00000000d5580000, 0x00000000deb80000, 0x0000000100000000)
  eden space 66048K, 100% used [0x00000000d5580000,0x00000000d9600000,0x00000000d9600000)
  from space 10752K, 0% used [0x00000000d9600000,0x00000000d9600000,0x00000000da080000)
  to   space 10752K, 0% used [0x00000000de100000,0x00000000de100000,0x00000000deb80000)
 ParOldGen       total 47104K, used 6700K [0x0000000080000000, 0x0000000082e00000, 0x00000000d5580000)
  object space 47104K, 14% used [0x0000000080000000,0x000000008068b360,0x0000000082e00000)
 Metaspace       used 28898K, capacity 29808K, committed 29872K, reserved 1075200K
  class space    used 4001K, capacity 4265K, committed 4272K, reserved 1048576K
Event: 6.057 GC heap after
Heap after GC invocations=9 (full 1):
 PSYoungGen      total 134144K, used 8611K [0x00000000d5580000, 0x00000000de980000, 0x0000000100000000)
  eden space 125440K, 0% used [0x00000000d5580000,0x00000000d5580000,0x00000000dd000000)
  from space 8704K, 98% used [0x00000000de100000,0x00000000de968f68,0x00000000de980000)
  to   space 11264K, 0% used [0x00000000dd380000,0x00000000dd380000,0x00000000dde80000)
 ParOldGen       total 47104K, used 6708K [0x0000000080000000, 0x0000000082e00000, 0x00000000d5580000)
  object space 47104K, 14% used [0x0000000080000000,0x000000008068d360,0x0000000082e00000)
 Metaspace       used 28898K, capacity 29808K, committed 29872K, reserved 1075200K
  class space    used 4001K, capacity 4265K, committed 4272K, reserved 1048576K
}
Event: 7.505 GC heap before
{Heap before GC invocations=10 (full 1):
 PSYoungGen      total 134144K, used 101642K [0x00000000d5580000, 0x00000000de980000, 0x0000000100000000)
  eden space 125440K, 74% used [0x00000000d5580000,0x00000000db059ac0,0x00000000dd000000)
  from space 8704K, 98% used [0x00000000de100000,0x00000000de968f68,0x00000000de980000)
  to   space 11264K, 0% used [0x00000000dd380000,0x00000000dd380000,0x00000000dde80000)
 ParOldGen       total 47104K, used 6708K [0x0000000080000000, 0x0000000082e00000, 0x00000000d5580000)
  object space 47104K, 14% used [0x0000000080000000,0x000000008068d360,0x0000000082e00000)
 Metaspace       used 34341K, capacity 35432K, committed 35496K, reserved 1079296K
  class space    used 4727K, capacity 5007K, committed 5040K, reserved 1048576K
Event: 7.525 GC heap after
Heap after GC invocations=10 (full 1):
 PSYoungGen      total 136704K, used 10928K [0x00000000d5580000, 0x00000000de980000, 0x0000000100000000)
  eden space 125440K, 0% used [0x00000000d5580000,0x00000000d5580000,0x00000000dd000000)
  from space 11264K, 97% used [0x00000000dd380000,0x00000000dde2c2e0,0x00000000dde80000)
  to   space 8704K, 0% used [0x00000000de100000,0x00000000de100000,0x00000000de980000)
 ParOldGen       total 47104K, used 6716K [0x0000000080000000, 0x0000000082e00000, 0x00000000d5580000)
  object space 47104K, 14% used [0x0000000080000000,0x000000008068f360,0x0000000082e00000)
 Metaspace       used 34341K, capacity 35432K, committed 35496K, reserved 1079296K
  class space    used 4727K, capacity 5007K, committed 5040K, reserved 1048576K
}
Event: 7.525 GC heap before
{Heap before GC invocations=11 (full 2):
 PSYoungGen      total 136704K, used 10928K [0x00000000d5580000, 0x00000000de980000, 0x0000000100000000)
  eden space 125440K, 0% used [0x00000000d5580000,0x00000000d5580000,0x00000000dd000000)
  from space 11264K, 97% used [0x00000000dd380000,0x00000000dde2c2e0,0x00000000dde80000)
  to   space 8704K, 0% used [0x00000000de100000,0x00000000de100000,0x00000000de980000)
 ParOldGen       total 47104K, used 6716K [0x0000000080000000, 0x0000000082e00000, 0x00000000d5580000)
  object space 47104K, 14% used [0x0000000080000000,0x000000008068f360,0x0000000082e00000)
 Metaspace       used 34341K, capacity 35432K, committed 35496K, reserved 1079296K
  class space    used 4727K, capacity 5007K, committed 5040K, reserved 1048576K
Event: 7.661 GC heap after
Heap after GC invocations=11 (full 2):
 PSYoungGen      total 136704K, used 0K [0x00000000d5580000, 0x00000000de980000, 0x0000000100000000)
  eden space 125440K, 0% used [0x00000000d5580000,0x00000000d5580000,0x00000000dd000000)
  from space 11264K, 0% used [0x00000000dd380000,0x00000000dd380000,0x00000000dde80000)
  to   space 8704K, 0% used [0x00000000de100000,0x00000000de100000,0x00000000de980000)
 ParOldGen       total 67584K, used 17200K [0x0000000080000000, 0x0000000084200000, 0x00000000d5580000)
  object space 67584K, 25% used [0x0000000080000000,0x00000000810cc068,0x0000000084200000)
 Metaspace       used 34341K, capacity 35432K, committed 35496K, reserved 1079296K
  class space    used 4727K, capacity 5007K, committed 5040K, reserved 1048576K
}
Event: 10.122 GC heap before
{Heap before GC invocations=12 (full 2):
 PSYoungGen      total 136704K, used 125440K [0x00000000d5580000, 0x00000000de980000, 0x0000000100000000)
  eden space 125440K, 100% used [0x00000000d5580000,0x00000000dd000000,0x00000000dd000000)
  from space 11264K, 0% used [0x00000000dd380000,0x00000000dd380000,0x00000000dde80000)
  to   space 8704K, 0% used [0x00000000de100000,0x00000000de100000,0x00000000de980000)
 ParOldGen       total 67584K, used 17200K [0x0000000080000000, 0x0000000084200000, 0x00000000d5580000)
  object space 67584K, 25% used [0x0000000080000000,0x00000000810cc068,0x0000000084200000)
 Metaspace       used 40640K, capacity 42446K, committed 42664K, reserved 1085440K
  class space    used 5579K, capacity 5973K, committed 6064K, reserved 1048576K
Event: 10.137 GC heap after
Heap after GC invocations=12 (full 2):
 PSYoungGen      total 134144K, used 8700K [0x00000000d5580000, 0x00000000de980000, 0x0000000100000000)
  eden space 125440K, 0% used [0x00000000d5580000,0x00000000d5580000,0x00000000dd000000)
  from space 8704K, 99% used [0x00000000de100000,0x00000000de97f0e8,0x00000000de980000)
  to   space 11264K, 0% used [0x00000000dd380000,0x00000000dd380000,0x00000000dde80000)
 ParOldGen       total 67584K, used 18797K [0x0000000080000000, 0x0000000084200000, 0x00000000d5580000)
  object space 67584K, 27% used [0x0000000080000000,0x000000008125b6a8,0x0000000084200000)
 Metaspace       used 40640K, capacity 42446K, committed 42664K, reserved 1085440K
  class space    used 5579K, capacity 5973K, committed 6064K, reserved 1048576K
}

