# JRE version: OpenJDK Runtime Environment (8.0_242-b01) (build 1.8.0_242-release-1644-b01)
# Java VM: OpenJDK 64-Bit Server VM (25.242-b01 mixed mode windows-amd64 compressed oops)
Heap:
 PSYoungGen      total 138240K, used 131005K [0x00000000d5580000, 0x00000000de180000, 0x0000000100000000)
  eden space 133120K, 94% used [0x00000000d5580000,0x00000000dd06fb48,0x00000000dd780000)
  from space 5120K, 99% used [0x00000000ddc80000,0x00000000de17fcb0,0x00000000de180000)
  to   space 5120K, 0% used [0x00000000dd780000,0x00000000dd780000,0x00000000ddc80000)
 ParOldGen       total 57344K, used 19260K [0x0000000080000000, 0x0000000083800000, 0x00000000d5580000)
  object space 57344K, 33% used [0x0000000080000000,0x00000000812cf3b0,0x0000000083800000)
 Metaspace       used 51485K, capacity 53512K, committed 53672K, reserved 1095680K
  class space    used 6884K, capacity 7314K, committed 7344K, reserved 1048576K
GC Heap History (10 events):
Event: 6.158 GC heap before
{Heap before GC invocations=6 (full 1):
 PSYoungGen      total 138240K, used 5088K [0x00000000d5580000, 0x00000000de180000, 0x0000000100000000)
  eden space 133120K, 0% used [0x00000000d5580000,0x00000000d5580000,0x00000000dd780000)
  from space 5120K, 99% used [0x00000000dd780000,0x00000000ddc78020,0x00000000ddc80000)
  to   space 5120K, 0% used [0x00000000ddc80000,0x00000000ddc80000,0x00000000de180000)
 ParOldGen       total 87552K, used 11113K [0x0000000080000000, 0x0000000085580000, 0x00000000d5580000)
  object space 87552K, 12% used [0x0000000080000000,0x0000000080ada570,0x0000000085580000)
 Metaspace       used 20579K, capacity 21236K, committed 21296K, reserved 1067008K
  class space    used 2871K, capacity 3080K, committed 3120K, reserved 1048576K
Event: 6.214 GC heap after
Heap after GC invocations=6 (full 1):
 PSYoungGen      total 138240K, used 0K [0x00000000d5580000, 0x00000000de180000, 0x0000000100000000)
  eden space 133120K, 0% used [0x00000000d5580000,0x00000000d5580000,0x00000000dd780000)
  from space 5120K, 0% used [0x00000000dd780000,0x00000000dd780000,0x00000000ddc80000)
  to   space 5120K, 0% used [0x00000000ddc80000,0x00000000ddc80000,0x00000000de180000)
 ParOldGen       total 57344K, used 11543K [0x0000000080000000, 0x0000000083800000, 0x00000000d5580000)
  object space 57344K, 20% used [0x0000000080000000,0x0000000080b45ea8,0x0000000083800000)
 Metaspace       used 20579K, capacity 21236K, committed 21296K, reserved 1067008K
  class space    used 2871K, capacity 3080K, committed 3120K, reserved 1048576K
}
Event: 9.216 GC heap before
{Heap before GC invocations=7 (full 1):
 PSYoungGen      total 138240K, used 133120K [0x00000000d5580000, 0x00000000de180000, 0x0000000100000000)
  eden space 133120K, 100% used [0x00000000d5580000,0x00000000dd780000,0x00000000dd780000)
  from space 5120K, 0% used [0x00000000dd780000,0x00000000dd780000,0x00000000ddc80000)
  to   space 5120K, 0% used [0x00000000ddc80000,0x00000000ddc80000,0x00000000de180000)
 ParOldGen       total 57344K, used 11543K [0x0000000080000000, 0x0000000083800000, 0x00000000d5580000)
  object space 57344K, 20% used [0x0000000080000000,0x0000000080b45ea8,0x0000000083800000)
 Metaspace       used 32941K, capacity 33998K, committed 34224K, reserved 1079296K
  class space    used 4495K, capacity 4730K, committed 4784K, reserved 1048576K
Event: 9.240 GC heap after
Heap after GC invocations=7 (full 1):
 PSYoungGen      total 138240K, used 5104K [0x00000000d5580000, 0x00000000de180000, 0x0000000100000000)
  eden space 133120K, 0% used [0x00000000d5580000,0x00000000d5580000,0x00000000dd780000)
  from space 5120K, 99% used [0x00000000ddc80000,0x00000000de17c010,0x00000000de180000)
  to   space 5120K, 0% used [0x00000000dd780000,0x00000000dd780000,0x00000000ddc80000)
 ParOldGen       total 57344K, used 20546K [0x0000000080000000, 0x0000000083800000, 0x00000000d5580000)
  object space 57344K, 35% used [0x0000000080000000,0x0000000081410990,0x0000000083800000)
 Metaspace       used 32941K, capacity 33998K, committed 34224K, reserved 1079296K
  class space    used 4495K, capacity 4730K, committed 4784K, reserved 1048576K
}
Event: 9.689 GC heap before
{Heap before GC invocations=8 (full 1):
 PSYoungGen      total 138240K, used 33717K [0x00000000d5580000, 0x00000000de180000, 0x0000000100000000)
  eden space 133120K, 21% used [0x00000000d5580000,0x00000000d7171788,0x00000000dd780000)
  from space 5120K, 99% used [0x00000000ddc80000,0x00000000de17c010,0x00000000de180000)
  to   space 5120K, 0% used [0x00000000dd780000,0x00000000dd780000,0x00000000ddc80000)
 ParOldGen       total 57344K, used 20546K [0x0000000080000000, 0x0000000083800000, 0x00000000d5580000)
  object space 57344K, 35% used [0x0000000080000000,0x0000000081410990,0x0000000083800000)
 Metaspace       used 34292K, capacity 35426K, committed 35496K, reserved 1079296K
  class space    used 4715K, capacity 5006K, committed 5040K, reserved 1048576K
Event: 9.700 GC heap after
Heap after GC invocations=8 (full 1):
 PSYoungGen      total 138240K, used 5104K [0x00000000d5580000, 0x00000000de180000, 0x0000000100000000)
  eden space 133120K, 0% used [0x00000000d5580000,0x00000000d5580000,0x00000000dd780000)
  from space 5120K, 99% used [0x00000000dd780000,0x00000000ddc7c010,0x00000000ddc80000)
  to   space 5120K, 0% used [0x00000000ddc80000,0x00000000ddc80000,0x00000000de180000)
 ParOldGen       total 57344K, used 22262K [0x0000000080000000, 0x0000000083800000, 0x00000000d5580000)
  object space 57344K, 38% used [0x0000000080000000,0x00000000815bda70,0x0000000083800000)
 Metaspace       used 34292K, capacity 35426K, committed 35496K, reserved 1079296K
  class space    used 4715K, capacity 5006K, committed 5040K, reserved 1048576K
}
Event: 9.700 GC heap before
{Heap before GC invocations=9 (full 2):
 PSYoungGen      total 138240K, used 5104K [0x00000000d5580000, 0x00000000de180000, 0x0000000100000000)
  eden space 133120K, 0% used [0x00000000d5580000,0x00000000d5580000,0x00000000dd780000)
  from space 5120K, 99% used [0x00000000dd780000,0x00000000ddc7c010,0x00000000ddc80000)
  to   space 5120K, 0% used [0x00000000ddc80000,0x00000000ddc80000,0x00000000de180000)
 ParOldGen       total 57344K, used 22262K [0x0000000080000000, 0x0000000083800000, 0x00000000d5580000)
  object space 57344K, 38% used [0x0000000080000000,0x00000000815bda70,0x0000000083800000)
 Metaspace       used 34292K, capacity 35426K, committed 35496K, reserved 1079296K
  class space    used 4715K, capacity 5006K, committed 5040K, reserved 1048576K
Event: 9.820 GC heap after
Heap after GC invocations=9 (full 2):
 PSYoungGen      total 138240K, used 0K [0x00000000d5580000, 0x00000000de180000, 0x0000000100000000)
  eden space 133120K, 0% used [0x00000000d5580000,0x00000000d5580000,0x00000000dd780000)
  from space 5120K, 0% used [0x00000000dd780000,0x00000000dd780000,0x00000000ddc80000)
  to   space 5120K, 0% used [0x00000000ddc80000,0x00000000ddc80000,0x00000000de180000)
 ParOldGen       total 57344K, used 14398K [0x0000000080000000, 0x0000000083800000, 0x00000000d5580000)
  object space 57344K, 25% used [0x0000000080000000,0x0000000080e0f838,0x0000000083800000)
 Metaspace       used 34292K, capacity 35426K, committed 35496K, reserved 1079296K
  class space    used 4715K, capacity 5006K, committed 5040K, reserved 1048576K
}
Event: 11.724 GC heap before
{Heap before GC invocations=10 (full 2):
 PSYoungGen      total 138240K, used 133120K [0x00000000d5580000, 0x00000000de180000, 0x0000000100000000)
  eden space 133120K, 100% used [0x00000000d5580000,0x00000000dd780000,0x00000000dd780000)
  from space 5120K, 0% used [0x00000000dd780000,0x00000000dd780000,0x00000000ddc80000)
  to   space 5120K, 0% used [0x00000000ddc80000,0x00000000ddc80000,0x00000000de180000)
 ParOldGen       total 57344K, used 14398K [0x0000000080000000, 0x0000000083800000, 0x00000000d5580000)
  object space 57344K, 25% used [0x0000000080000000,0x0000000080e0f838,0x0000000083800000)
 Metaspace       used 40148K, capacity 41914K, committed 42152K, reserved 1085440K
  class space    used 5541K, capacity 5943K, committed 6064K, reserved 1048576K
Event: 11.735 GC heap after
Heap after GC invocations=10 (full 2):
 PSYoungGen      total 138240K, used 5119K [0x00000000d5580000, 0x00000000de180000, 0x0000000100000000)
  eden space 133120K, 0% used [0x00000000d5580000,0x00000000d5580000,0x00000000dd780000)
  from space 5120K, 99% used [0x00000000ddc80000,0x00000000de17fcb0,0x00000000de180000)
  to   space 5120K, 0% used [0x00000000dd780000,0x00000000dd780000,0x00000000ddc80000)
 ParOldGen       total 57344K, used 19260K [0x0000000080000000, 0x0000000083800000, 0x00000000d5580000)
  object space 57344K, 33% used [0x0000000080000000,0x00000000812cf3b0,0x0000000083800000)
 Metaspace       used 40148K, capacity 41914K, committed 42152K, reserved 1085440K
  class space    used 5541K, capacity 5943K, committed 6064K, reserved 1048576K
}

