# JRE version: OpenJDK Runtime Environment (8.0_242-b01) (build 1.8.0_242-release-1644-b01)
# Java VM: OpenJDK 64-Bit Server VM (25.242-b01 mixed mode windows-amd64 compressed oops)
Heap:
 PSYoungGen      total 133632K, used 29194K [0x00000000d5580000, 0x00000000de980000, 0x0000000100000000)
  eden space 124928K, 23% used [0x00000000d5580000,0x00000000d7202b68,0x00000000dcf80000)
  from space 8704K, 0% used [0x00000000de100000,0x00000000de100000,0x00000000de980000)
  to   space 11264K, 0% used [0x00000000dd380000,0x00000000dd380000,0x00000000dde80000)
 ParOldGen       total 69120K, used 23485K [0x0000000080000000, 0x0000000084380000, 0x00000000d5580000)
  object space 69120K, 33% used [0x0000000080000000,0x00000000816ef458,0x0000000084380000)
 Metaspace       used 50429K, capacity 52104K, committed 52776K, reserved 1097728K
  class space    used 6734K, capacity 7100K, committed 7208K, reserved 1048576K
GC Heap History (10 events):
Event: 9.714 GC heap before
{Heap before GC invocations=12 (full 2):
 PSYoungGen      total 136192K, used 124928K [0x00000000d5580000, 0x00000000de980000, 0x0000000100000000)
  eden space 124928K, 100% used [0x00000000d5580000,0x00000000dcf80000,0x00000000dcf80000)
  from space 11264K, 0% used [0x00000000dd380000,0x00000000dd380000,0x00000000dde80000)
  to   space 8704K, 0% used [0x00000000de100000,0x00000000de100000,0x00000000de980000)
 ParOldGen       total 69120K, used 17199K [0x0000000080000000, 0x0000000084380000, 0x00000000d5580000)
  object space 69120K, 24% used [0x0000000080000000,0x00000000810cbf20,0x0000000084380000)
 Metaspace       used 40524K, capacity 42314K, committed 42664K, reserved 1085440K
  class space    used 5564K, capacity 5971K, committed 6056K, reserved 1048576K
Event: 9.729 GC heap after
Heap after GC invocations=12 (full 2):
 PSYoungGen      total 133632K, used 8690K [0x00000000d5580000, 0x00000000de980000, 0x0000000100000000)
  eden space 124928K, 0% used [0x00000000d5580000,0x00000000d5580000,0x00000000dcf80000)
  from space 8704K, 99% used [0x00000000de100000,0x00000000de97ca68,0x00000000de980000)
  to   space 11264K, 0% used [0x00000000dd380000,0x00000000dd380000,0x00000000dde80000)
 ParOldGen       total 69120K, used 18767K [0x0000000080000000, 0x0000000084380000, 0x00000000d5580000)
  object space 69120K, 27% used [0x0000000080000000,0x0000000081253dc0,0x0000000084380000)
 Metaspace       used 40524K, capacity 42314K, committed 42664K, reserved 1085440K
  class space    used 5564K, capacity 5971K, committed 6056K, reserved 1048576K
}
Event: 12.050 GC heap before
{Heap before GC invocations=13 (full 2):
 PSYoungGen      total 133632K, used 97155K [0x00000000d5580000, 0x00000000de980000, 0x0000000100000000)
  eden space 124928K, 70% used [0x00000000d5580000,0x00000000dabe42b0,0x00000000dcf80000)
  from space 8704K, 99% used [0x00000000de100000,0x00000000de97ca68,0x00000000de980000)
  to   space 11264K, 0% used [0x00000000dd380000,0x00000000dd380000,0x00000000dde80000)
 ParOldGen       total 69120K, used 18767K [0x0000000080000000, 0x0000000084380000, 0x00000000d5580000)
  object space 69120K, 27% used [0x0000000080000000,0x0000000081253dc0,0x0000000084380000)
 Metaspace       used 50388K, capacity 52266K, committed 52520K, reserved 1099776K
  class space    used 6731K, capacity 7099K, committed 7208K, reserved 1048576K
Event: 12.068 GC heap after
Heap after GC invocations=13 (full 2):
 PSYoungGen      total 136192K, used 11250K [0x00000000d5580000, 0x00000000de980000, 0x0000000100000000)
  eden space 124928K, 0% used [0x00000000d5580000,0x00000000d5580000,0x00000000dcf80000)
  from space 11264K, 99% used [0x00000000dd380000,0x00000000dde7cba0,0x00000000dde80000)
  to   space 8704K, 0% used [0x00000000de100000,0x00000000de100000,0x00000000de980000)
 ParOldGen       total 69120K, used 24303K [0x0000000080000000, 0x0000000084380000, 0x00000000d5580000)
  object space 69120K, 35% used [0x0000000080000000,0x00000000817bbcd0,0x0000000084380000)
 Metaspace       used 50388K, capacity 52266K, committed 52520K, reserved 1099776K
  class space    used 6731K, capacity 7099K, committed 7208K, reserved 1048576K
}
Event: 12.068 GC heap before
{Heap before GC invocations=14 (full 3):
 PSYoungGen      total 136192K, used 11250K [0x00000000d5580000, 0x00000000de980000, 0x0000000100000000)
  eden space 124928K, 0% used [0x00000000d5580000,0x00000000d5580000,0x00000000dcf80000)
  from space 11264K, 99% used [0x00000000dd380000,0x00000000dde7cba0,0x00000000dde80000)
  to   space 8704K, 0% used [0x00000000de100000,0x00000000de100000,0x00000000de980000)
 ParOldGen       total 69120K, used 24303K [0x0000000080000000, 0x0000000084380000, 0x00000000d5580000)
  object space 69120K, 35% used [0x0000000080000000,0x00000000817bbcd0,0x0000000084380000)
 Metaspace       used 50388K, capacity 52266K, committed 52520K, reserved 1099776K
  class space    used 6731K, capacity 7099K, committed 7208K, reserved 1048576K
Event: 12.349 GC heap after
Heap after GC invocations=14 (full 3):
 PSYoungGen      total 136192K, used 0K [0x00000000d5580000, 0x00000000de980000, 0x0000000100000000)
  eden space 124928K, 0% used [0x00000000d5580000,0x00000000d5580000,0x00000000dcf80000)
  from space 11264K, 0% used [0x00000000dd380000,0x00000000dd380000,0x00000000dde80000)
  to   space 8704K, 0% used [0x00000000de100000,0x00000000de100000,0x00000000de980000)
 ParOldGen       total 69120K, used 28633K [0x0000000080000000, 0x0000000084380000, 0x00000000d5580000)
  object space 69120K, 41% used [0x0000000080000000,0x0000000081bf66a8,0x0000000084380000)
 Metaspace       used 50379K, capacity 52236K, committed 52520K, reserved 1097728K
  class space    used 6728K, capacity 7094K, committed 7208K, reserved 1048576K
}
Event: 12.349 GC heap before
{Heap before GC invocations=15 (full 3):
 PSYoungGen      total 136192K, used 0K [0x00000000d5580000, 0x00000000de980000, 0x0000000100000000)
  eden space 124928K, 0% used [0x00000000d5580000,0x00000000d5580000,0x00000000dcf80000)
  from space 11264K, 0% used [0x00000000dd380000,0x00000000dd380000,0x00000000dde80000)
  to   space 8704K, 0% used [0x00000000de100000,0x00000000de100000,0x00000000de980000)
 ParOldGen       total 69120K, used 28633K [0x0000000080000000, 0x0000000084380000, 0x00000000d5580000)
  object space 69120K, 41% used [0x0000000080000000,0x0000000081bf66a8,0x0000000084380000)
 Metaspace       used 50379K, capacity 52236K, committed 52520K, reserved 1101824K
  class space    used 6728K, capacity 7094K, committed 7208K, reserved 1048576K
Event: 12.351 GC heap after
Heap after GC invocations=15 (full 3):
 PSYoungGen      total 133632K, used 0K [0x00000000d5580000, 0x00000000de980000, 0x0000000100000000)
  eden space 124928K, 0% used [0x00000000d5580000,0x00000000d5580000,0x00000000dcf80000)
  from space 8704K, 0% used [0x00000000de100000,0x00000000de100000,0x00000000de980000)
  to   space 11264K, 0% used [0x00000000dd380000,0x00000000dd380000,0x00000000dde80000)
 ParOldGen       total 69120K, used 28633K [0x0000000080000000, 0x0000000084380000, 0x00000000d5580000)
  object space 69120K, 41% used [0x0000000080000000,0x0000000081bf66a8,0x0000000084380000)
 Metaspace       used 50379K, capacity 52236K, committed 52520K, reserved 1101824K
  class space    used 6728K, capacity 7094K, committed 7208K, reserved 1048576K
}
Event: 12.351 GC heap before
{Heap before GC invocations=16 (full 4):
 PSYoungGen      total 133632K, used 0K [0x00000000d5580000, 0x00000000de980000, 0x0000000100000000)
  eden space 124928K, 0% used [0x00000000d5580000,0x00000000d5580000,0x00000000dcf80000)
  from space 8704K, 0% used [0x00000000de100000,0x00000000de100000,0x00000000de980000)
  to   space 11264K, 0% used [0x00000000dd380000,0x00000000dd380000,0x00000000dde80000)
 ParOldGen       total 69120K, used 28633K [0x0000000080000000, 0x0000000084380000, 0x00000000d5580000)
  object space 69120K, 41% used [0x0000000080000000,0x0000000081bf66a8,0x0000000084380000)
 Metaspace       used 50379K, capacity 52236K, committed 52520K, reserved 1101824K
  class space    used 6728K, capacity 7094K, committed 7208K, reserved 1048576K
Event: 12.588 GC heap after
Heap after GC invocations=16 (full 4):
 PSYoungGen      total 133632K, used 0K [0x00000000d5580000, 0x00000000de980000, 0x0000000100000000)
  eden space 124928K, 0% used [0x00000000d5580000,0x00000000d5580000,0x00000000dcf80000)
  from space 8704K, 0% used [0x00000000de100000,0x00000000de100000,0x00000000de980000)
  to   space 11264K, 0% used [0x00000000dd380000,0x00000000dd380000,0x00000000dde80000)
 ParOldGen       total 69120K, used 23485K [0x0000000080000000, 0x0000000084380000, 0x00000000d5580000)
  object space 69120K, 33% used [0x0000000080000000,0x00000000816ef458,0x0000000084380000)
 Metaspace       used 50124K, capacity 51776K, committed 52520K, reserved 1097728K
  class space    used 6675K, capacity 6992K, committed 7208K, reserved 1048576K
}

