# JRE version: OpenJDK Runtime Environment (8.0_242-b01) (build 1.8.0_242-release-1644-b01)
# Java VM: OpenJDK 64-Bit Server VM (25.242-b01 mixed mode windows-amd64 compressed oops)
Heap:
 PSYoungGen      total 264704K, used 159031K [0x00000000d5580000, 0x00000000e6780000, 0x0000000100000000)
  eden space 251904K, 63% used [0x00000000d5580000,0x00000000df0cdf78,0x00000000e4b80000)
  from space 12800K, 0% used [0x00000000e5b00000,0x00000000e5b00000,0x00000000e6780000)
  to   space 14336K, 0% used [0x00000000e4b80000,0x00000000e4b80000,0x00000000e5980000)
 ParOldGen       total 67584K, used 14535K [0x0000000080000000, 0x0000000084200000, 0x00000000d5580000)
  object space 67584K, 21% used [0x0000000080000000,0x0000000080e31db8,0x0000000084200000)
 Metaspace       used 38803K, capacity 40468K, committed 40616K, reserved 1083392K
  class space    used 5355K, capacity 5704K, committed 5808K, reserved 1048576K
GC Heap History (10 events):
Event: 6.215 GC heap before
{Heap before GC invocations=6 (full 0):
 PSYoungGen      total 71680K, used 6201K [0x00000000d5580000, 0x00000000def80000, 0x0000000100000000)
  eden space 66560K, 1% used [0x00000000d5580000,0x00000000d5691728,0x00000000d9680000)
  from space 5120K, 99% used [0x00000000d9680000,0x00000000d9b7d040,0x00000000d9b80000)
  to   space 12288K, 0% used [0x00000000de380000,0x00000000de380000,0x00000000def80000)
 ParOldGen       total 87552K, used 9914K [0x0000000080000000, 0x0000000085580000, 0x00000000d5580000)
  object space 87552K, 11% used [0x0000000080000000,0x00000000809ae8e8,0x0000000085580000)
 Metaspace       used 20569K, capacity 21236K, committed 21296K, reserved 1067008K
  class space    used 2872K, capacity 3080K, committed 3120K, reserved 1048576K
Event: 6.225 GC heap after
Heap after GC invocations=6 (full 0):
 PSYoungGen      total 144384K, used 5172K [0x00000000d5580000, 0x00000000dee80000, 0x0000000100000000)
  eden space 133120K, 0% used [0x00000000d5580000,0x00000000d5580000,0x00000000dd780000)
  from space 11264K, 45% used [0x00000000de380000,0x00000000de88d060,0x00000000dee80000)
  to   space 11776K, 0% used [0x00000000dd780000,0x00000000dd780000,0x00000000de300000)
 ParOldGen       total 87552K, used 9922K [0x0000000080000000, 0x0000000085580000, 0x00000000d5580000)
  object space 87552K, 11% used [0x0000000080000000,0x00000000809b08e8,0x0000000085580000)
 Metaspace       used 20569K, capacity 21236K, committed 21296K, reserved 1067008K
  class space    used 2872K, capacity 3080K, committed 3120K, reserved 1048576K
}
Event: 6.225 GC heap before
{Heap before GC invocations=7 (full 1):
 PSYoungGen      total 144384K, used 5172K [0x00000000d5580000, 0x00000000dee80000, 0x0000000100000000)
  eden space 133120K, 0% used [0x00000000d5580000,0x00000000d5580000,0x00000000dd780000)
  from space 11264K, 45% used [0x00000000de380000,0x00000000de88d060,0x00000000dee80000)
  to   space 11776K, 0% used [0x00000000dd780000,0x00000000dd780000,0x00000000de300000)
 ParOldGen       total 87552K, used 9922K [0x0000000080000000, 0x0000000085580000, 0x00000000d5580000)
  object space 87552K, 11% used [0x0000000080000000,0x00000000809b08e8,0x0000000085580000)
 Metaspace       used 20569K, capacity 21236K, committed 21296K, reserved 1067008K
  class space    used 2872K, capacity 3080K, committed 3120K, reserved 1048576K
Event: 6.279 GC heap after
Heap after GC invocations=7 (full 1):
 PSYoungGen      total 144384K, used 0K [0x00000000d5580000, 0x00000000dee80000, 0x0000000100000000)
  eden space 133120K, 0% used [0x00000000d5580000,0x00000000d5580000,0x00000000dd780000)
  from space 11264K, 0% used [0x00000000de380000,0x00000000de380000,0x00000000dee80000)
  to   space 11776K, 0% used [0x00000000dd780000,0x00000000dd780000,0x00000000de300000)
 ParOldGen       total 49152K, used 6663K [0x0000000080000000, 0x0000000083000000, 0x00000000d5580000)
  object space 49152K, 13% used [0x0000000080000000,0x0000000080681c78,0x0000000083000000)
 Metaspace       used 20569K, capacity 21236K, committed 21296K, reserved 1067008K
  class space    used 2872K, capacity 3080K, committed 3120K, reserved 1048576K
}
Event: 9.674 GC heap before
{Heap before GC invocations=8 (full 1):
 PSYoungGen      total 144384K, used 133120K [0x00000000d5580000, 0x00000000dee80000, 0x0000000100000000)
  eden space 133120K, 100% used [0x00000000d5580000,0x00000000dd780000,0x00000000dd780000)
  from space 11264K, 0% used [0x00000000de380000,0x00000000de380000,0x00000000dee80000)
  to   space 11776K, 0% used [0x00000000dd780000,0x00000000dd780000,0x00000000de300000)
 ParOldGen       total 49152K, used 6663K [0x0000000080000000, 0x0000000083000000, 0x00000000d5580000)
  object space 49152K, 13% used [0x0000000080000000,0x0000000080681c78,0x0000000083000000)
 Metaspace       used 32974K, capacity 34094K, committed 34224K, reserved 1079296K
  class space    used 4508K, capacity 4762K, committed 4784K, reserved 1048576K
Event: 9.709 GC heap after
Heap after GC invocations=8 (full 1):
 PSYoungGen      total 144896K, used 11754K [0x00000000d5580000, 0x00000000e6980000, 0x0000000100000000)
  eden space 133120K, 0% used [0x00000000d5580000,0x00000000d5580000,0x00000000dd780000)
  from space 11776K, 99% used [0x00000000dd780000,0x00000000de2faa90,0x00000000de300000)
  to   space 14848K, 0% used [0x00000000e5b00000,0x00000000e5b00000,0x00000000e6980000)
 ParOldGen       total 49152K, used 9222K [0x0000000080000000, 0x0000000083000000, 0x00000000d5580000)
  object space 49152K, 18% used [0x0000000080000000,0x0000000080901a58,0x0000000083000000)
 Metaspace       used 32974K, capacity 34094K, committed 34224K, reserved 1079296K
  class space    used 4508K, capacity 4762K, committed 4784K, reserved 1048576K
}
Event: 10.347 GC heap before
{Heap before GC invocations=9 (full 1):
 PSYoungGen      total 144896K, used 42411K [0x00000000d5580000, 0x00000000e6980000, 0x0000000100000000)
  eden space 133120K, 23% used [0x00000000d5580000,0x00000000d73702a8,0x00000000dd780000)
  from space 11776K, 99% used [0x00000000dd780000,0x00000000de2faa90,0x00000000de300000)
  to   space 14848K, 0% used [0x00000000e5b00000,0x00000000e5b00000,0x00000000e6980000)
 ParOldGen       total 49152K, used 9222K [0x0000000080000000, 0x0000000083000000, 0x00000000d5580000)
  object space 49152K, 18% used [0x0000000080000000,0x0000000080901a58,0x0000000083000000)
 Metaspace       used 34356K, capacity 35432K, committed 35496K, reserved 1079296K
  class space    used 4728K, capacity 5007K, committed 5040K, reserved 1048576K
Event: 10.382 GC heap after
Heap after GC invocations=9 (full 1):
 PSYoungGen      total 264704K, used 8029K [0x00000000d5580000, 0x00000000e6780000, 0x0000000100000000)
  eden space 251904K, 0% used [0x00000000d5580000,0x00000000d5580000,0x00000000e4b80000)
  from space 12800K, 62% used [0x00000000e5b00000,0x00000000e62d7530,0x00000000e6780000)
  to   space 14336K, 0% used [0x00000000e4b80000,0x00000000e4b80000,0x00000000e5980000)
 ParOldGen       total 49152K, used 9230K [0x0000000080000000, 0x0000000083000000, 0x00000000d5580000)
  object space 49152K, 18% used [0x0000000080000000,0x0000000080903a58,0x0000000083000000)
 Metaspace       used 34356K, capacity 35432K, committed 35496K, reserved 1079296K
  class space    used 4728K, capacity 5007K, committed 5040K, reserved 1048576K
}
Event: 10.382 GC heap before
{Heap before GC invocations=10 (full 2):
 PSYoungGen      total 264704K, used 8029K [0x00000000d5580000, 0x00000000e6780000, 0x0000000100000000)
  eden space 251904K, 0% used [0x00000000d5580000,0x00000000d5580000,0x00000000e4b80000)
  from space 12800K, 62% used [0x00000000e5b00000,0x00000000e62d7530,0x00000000e6780000)
  to   space 14336K, 0% used [0x00000000e4b80000,0x00000000e4b80000,0x00000000e5980000)
 ParOldGen       total 49152K, used 9230K [0x0000000080000000, 0x0000000083000000, 0x00000000d5580000)
  object space 49152K, 18% used [0x0000000080000000,0x0000000080903a58,0x0000000083000000)
 Metaspace       used 34356K, capacity 35432K, committed 35496K, reserved 1079296K
  class space    used 4728K, capacity 5007K, committed 5040K, reserved 1048576K
Event: 10.596 GC heap after
Heap after GC invocations=10 (full 2):
 PSYoungGen      total 264704K, used 0K [0x00000000d5580000, 0x00000000e6780000, 0x0000000100000000)
  eden space 251904K, 0% used [0x00000000d5580000,0x00000000d5580000,0x00000000e4b80000)
  from space 12800K, 0% used [0x00000000e5b00000,0x00000000e5b00000,0x00000000e6780000)
  to   space 14336K, 0% used [0x00000000e4b80000,0x00000000e4b80000,0x00000000e5980000)
 ParOldGen       total 67584K, used 14535K [0x0000000080000000, 0x0000000084200000, 0x00000000d5580000)
  object space 67584K, 21% used [0x0000000080000000,0x0000000080e31db8,0x0000000084200000)
 Metaspace       used 34356K, capacity 35432K, committed 35496K, reserved 1079296K
  class space    used 4728K, capacity 5007K, committed 5040K, reserved 1048576K
}

