# JRE version: OpenJDK Runtime Environment (8.0_242-b01) (build 1.8.0_242-release-1644-b01)
# Java VM: OpenJDK 64-Bit Server VM (25.242-b01 mixed mode windows-amd64 compressed oops)
Heap:
 PSYoungGen      total 109568K, used 77556K [0x00000000d5580000, 0x00000000dcc00000, 0x0000000100000000)
  eden space 97792K, 79% used [0x00000000d5580000,0x00000000da13d0f0,0x00000000db500000)
  from space 11776K, 0% used [0x00000000db500000,0x00000000db500000,0x00000000dc080000)
  to   space 10240K, 0% used [0x00000000dc200000,0x00000000dc200000,0x00000000dcc00000)
 ParOldGen       total 69632K, used 16315K [0x0000000080000000, 0x0000000084400000, 0x00000000d5580000)
  object space 69632K, 23% used [0x0000000080000000,0x0000000080feefd0,0x0000000084400000)
 Metaspace       used 52176K, capacity 54100K, committed 54440K, reserved 1105920K
  class space    used 6814K, capacity 7244K, committed 7344K, reserved 1048576K
GC Heap History (10 events):
Event: 34.728 GC heap before
{Heap before GC invocations=24 (full 7):
 PSYoungGen      total 109568K, used 1911K [0x00000000d5580000, 0x00000000dcc00000, 0x0000000100000000)
  eden space 97792K, 0% used [0x00000000d5580000,0x00000000d5580000,0x00000000db500000)
  from space 11776K, 16% used [0x00000000db500000,0x00000000db6dde88,0x00000000dc080000)
  to   space 10240K, 0% used [0x00000000dc200000,0x00000000dc200000,0x00000000dcc00000)
 ParOldGen       total 69632K, used 17552K [0x0000000080000000, 0x0000000084400000, 0x00000000d5580000)
  object space 69632K, 25% used [0x0000000080000000,0x00000000811241f0,0x0000000084400000)
 Metaspace       used 50644K, capacity 52442K, committed 52776K, reserved 1099776K
  class space    used 6721K, capacity 7139K, committed 7216K, reserved 1048576K
Event: 34.949 GC heap after
Heap after GC invocations=24 (full 7):
 PSYoungGen      total 109568K, used 0K [0x00000000d5580000, 0x00000000dcc00000, 0x0000000100000000)
  eden space 97792K, 0% used [0x00000000d5580000,0x00000000d5580000,0x00000000db500000)
  from space 11776K, 0% used [0x00000000db500000,0x00000000db500000,0x00000000dc080000)
  to   space 10240K, 0% used [0x00000000dc200000,0x00000000dc200000,0x00000000dcc00000)
 ParOldGen       total 69632K, used 17902K [0x0000000080000000, 0x0000000084400000, 0x00000000d5580000)
  object space 69632K, 25% used [0x0000000080000000,0x000000008117bbc0,0x0000000084400000)
 Metaspace       used 50644K, capacity 52442K, committed 52776K, reserved 1097728K
  class space    used 6721K, capacity 7139K, committed 7216K, reserved 1048576K
}
Event: 35.070 GC heap before
{Heap before GC invocations=25 (full 7):
 PSYoungGen      total 109568K, used 7155K [0x00000000d5580000, 0x00000000dcc00000, 0x0000000100000000)
  eden space 97792K, 7% used [0x00000000d5580000,0x00000000d5c7cc70,0x00000000db500000)
  from space 11776K, 0% used [0x00000000db500000,0x00000000db500000,0x00000000dc080000)
  to   space 10240K, 0% used [0x00000000dc200000,0x00000000dc200000,0x00000000dcc00000)
 ParOldGen       total 69632K, used 17902K [0x0000000080000000, 0x0000000084400000, 0x00000000d5580000)
  object space 69632K, 25% used [0x0000000080000000,0x000000008117bbc0,0x0000000084400000)
 Metaspace       used 51741K, capacity 53596K, committed 53928K, reserved 1105920K
  class space    used 6794K, capacity 7214K, committed 7344K, reserved 1048576K
Event: 35.079 GC heap after
Heap after GC invocations=25 (full 7):
 PSYoungGen      total 108032K, used 1210K [0x00000000d5580000, 0x00000000dcc00000, 0x0000000100000000)
  eden space 97792K, 0% used [0x00000000d5580000,0x00000000d5580000,0x00000000db500000)
  from space 10240K, 11% used [0x00000000dc200000,0x00000000dc32ebb8,0x00000000dcc00000)
  to   space 11776K, 0% used [0x00000000db500000,0x00000000db500000,0x00000000dc080000)
 ParOldGen       total 69632K, used 17902K [0x0000000080000000, 0x0000000084400000, 0x00000000d5580000)
  object space 69632K, 25% used [0x0000000080000000,0x000000008117bbc0,0x0000000084400000)
 Metaspace       used 51741K, capacity 53596K, committed 53928K, reserved 1105920K
  class space    used 6794K, capacity 7214K, committed 7344K, reserved 1048576K
}
Event: 35.079 GC heap before
{Heap before GC invocations=26 (full 8):
 PSYoungGen      total 108032K, used 1210K [0x00000000d5580000, 0x00000000dcc00000, 0x0000000100000000)
  eden space 97792K, 0% used [0x00000000d5580000,0x00000000d5580000,0x00000000db500000)
  from space 10240K, 11% used [0x00000000dc200000,0x00000000dc32ebb8,0x00000000dcc00000)
  to   space 11776K, 0% used [0x00000000db500000,0x00000000db500000,0x00000000dc080000)
 ParOldGen       total 69632K, used 17902K [0x0000000080000000, 0x0000000084400000, 0x00000000d5580000)
  object space 69632K, 25% used [0x0000000080000000,0x000000008117bbc0,0x0000000084400000)
 Metaspace       used 51741K, capacity 53596K, committed 53928K, reserved 1105920K
  class space    used 6794K, capacity 7214K, committed 7344K, reserved 1048576K
Event: 35.152 GC heap after
Heap after GC invocations=26 (full 8):
 PSYoungGen      total 108032K, used 0K [0x00000000d5580000, 0x00000000dcc00000, 0x0000000100000000)
  eden space 97792K, 0% used [0x00000000d5580000,0x00000000d5580000,0x00000000db500000)
  from space 10240K, 0% used [0x00000000dc200000,0x00000000dc200000,0x00000000dcc00000)
  to   space 11776K, 0% used [0x00000000db500000,0x00000000db500000,0x00000000dc080000)
 ParOldGen       total 69632K, used 17692K [0x0000000080000000, 0x0000000084400000, 0x00000000d5580000)
  object space 69632K, 25% used [0x0000000080000000,0x0000000081147330,0x0000000084400000)
 Metaspace       used 51741K, capacity 53596K, committed 53928K, reserved 1103872K
  class space    used 6794K, capacity 7214K, committed 7344K, reserved 1048576K
}
Event: 35.152 GC heap before
{Heap before GC invocations=27 (full 8):
 PSYoungGen      total 108032K, used 0K [0x00000000d5580000, 0x00000000dcc00000, 0x0000000100000000)
  eden space 97792K, 0% used [0x00000000d5580000,0x00000000d5580000,0x00000000db500000)
  from space 10240K, 0% used [0x00000000dc200000,0x00000000dc200000,0x00000000dcc00000)
  to   space 11776K, 0% used [0x00000000db500000,0x00000000db500000,0x00000000dc080000)
 ParOldGen       total 69632K, used 17692K [0x0000000080000000, 0x0000000084400000, 0x00000000d5580000)
  object space 69632K, 25% used [0x0000000080000000,0x0000000081147330,0x0000000084400000)
 Metaspace       used 51741K, capacity 53596K, committed 53928K, reserved 1107968K
  class space    used 6794K, capacity 7214K, committed 7344K, reserved 1048576K
Event: 35.154 GC heap after
Heap after GC invocations=27 (full 8):
 PSYoungGen      total 109568K, used 0K [0x00000000d5580000, 0x00000000dcc00000, 0x0000000100000000)
  eden space 97792K, 0% used [0x00000000d5580000,0x00000000d5580000,0x00000000db500000)
  from space 11776K, 0% used [0x00000000db500000,0x00000000db500000,0x00000000dc080000)
  to   space 10240K, 0% used [0x00000000dc200000,0x00000000dc200000,0x00000000dcc00000)
 ParOldGen       total 69632K, used 17692K [0x0000000080000000, 0x0000000084400000, 0x00000000d5580000)
  object space 69632K, 25% used [0x0000000080000000,0x0000000081147330,0x0000000084400000)
 Metaspace       used 51741K, capacity 53596K, committed 53928K, reserved 1107968K
  class space    used 6794K, capacity 7214K, committed 7344K, reserved 1048576K
}
Event: 35.154 GC heap before
{Heap before GC invocations=28 (full 9):
 PSYoungGen      total 109568K, used 0K [0x00000000d5580000, 0x00000000dcc00000, 0x0000000100000000)
  eden space 97792K, 0% used [0x00000000d5580000,0x00000000d5580000,0x00000000db500000)
  from space 11776K, 0% used [0x00000000db500000,0x00000000db500000,0x00000000dc080000)
  to   space 10240K, 0% used [0x00000000dc200000,0x00000000dc200000,0x00000000dcc00000)
 ParOldGen       total 69632K, used 17692K [0x0000000080000000, 0x0000000084400000, 0x00000000d5580000)
  object space 69632K, 25% used [0x0000000080000000,0x0000000081147330,0x0000000084400000)
 Metaspace       used 51741K, capacity 53596K, committed 53928K, reserved 1107968K
  class space    used 6794K, capacity 7214K, committed 7344K, reserved 1048576K
Event: 35.428 GC heap after
Heap after GC invocations=28 (full 9):
 PSYoungGen      total 109568K, used 0K [0x00000000d5580000, 0x00000000dcc00000, 0x0000000100000000)
  eden space 97792K, 0% used [0x00000000d5580000,0x00000000d5580000,0x00000000db500000)
  from space 11776K, 0% used [0x00000000db500000,0x00000000db500000,0x00000000dc080000)
  to   space 10240K, 0% used [0x00000000dc200000,0x00000000dc200000,0x00000000dcc00000)
 ParOldGen       total 69632K, used 16315K [0x0000000080000000, 0x0000000084400000, 0x00000000d5580000)
  object space 69632K, 23% used [0x0000000080000000,0x0000000080feefd0,0x0000000084400000)
 Metaspace       used 51563K, capacity 53308K, committed 53928K, reserved 1103872K
  class space    used 6768K, capacity 7166K, committed 7344K, reserved 1048576K
}

